[debug] [2023-06-20T18:22:28.047Z] ----------------------------------------------------------------------
[debug] [2023-06-20T18:22:28.051Z] Command:       C:\Program Files\nodejs\node.exe C:\Users\Dell G3\AppData\Roaming\npm\node_modules\firebase-tools\lib\bin\firebase.js login
[debug] [2023-06-20T18:22:28.052Z] CLI Version:   12.4.0
[debug] [2023-06-20T18:22:28.053Z] Platform:      win32
[debug] [2023-06-20T18:22:28.054Z] Node Version:  v18.14.2
[debug] [2023-06-20T18:22:28.056Z] Time:          Tue Jun 20 2023 20:22:28 GMT+0200 (Eastern European Standard Time)
[debug] [2023-06-20T18:22:28.056Z] ----------------------------------------------------------------------
[debug] 
[debug] [2023-06-20T18:22:28.062Z] >>> [apiv2][query] GET https://firebase-public.firebaseio.com/cli.json [none]
[info] i  Firebase optionally collects CLI and Emulator Suite usage and error reporting information to help improve our products. Data is collected in accordance with Google's privacy policy (https://policies.google.com/privacy) and is not used to identify you.
 
[debug] [2023-06-20T18:22:30.302Z] <<< [apiv2][status] GET https://firebase-public.firebaseio.com/cli.json 200
[debug] [2023-06-20T18:22:30.303Z] <<< [apiv2][body] GET https://firebase-public.firebaseio.com/cli.json {"cloudBuildErrorAfter":1594252800000,"cloudBuildWarnAfter":1590019200000,"defaultNode10After":1594252800000,"minVersion":"3.0.5","node8DeploysDisabledAfter":1613390400000,"node8RuntimeDisabledAfter":1615809600000,"node8WarnAfter":1600128000000}
[info] i  To change your data collection preference at any time, run `firebase logout` and log in again. 
[info] 
[info] Visit this URL on this device to log in:
[info] https://accounts.google.com/o/oauth2/auth?client_id=563584335869-fgrhgmd47bqnekij5i8b5pr03ho849e6.apps.googleusercontent.com&scope=email%20openid%20https%3A%2F%2Fwww.googleapis.com%2Fauth%2Fcloudplatformprojects.readonly%20https%3A%2F%2Fwww.googleapis.com%2Fauth%2Ffirebase%20https%3A%2F%2Fwww.googleapis.com%2Fauth%2Fcloud-platform&response_type=code&state=878003401&redirect_uri=http%3A%2F%2Flocalhost%3A9005
[info] 
[info] Waiting for authentication...
[debug] [2023-06-20T18:22:38.982Z] Unable to open URL: Error: spawn UNKNOWN
    at ChildProcess.spawn (node:internal/child_process:413:11)
    at Object.spawn (node:child_process:757:9)
    at module.exports (C:\Users\Dell G3\AppData\Roaming\npm\node_modules\firebase-tools\node_modules\open\index.js:114:34)
    at open (C:\Users\Dell G3\AppData\Roaming\npm\node_modules\firebase-tools\lib\auth.js:139:5)
    at Server.<anonymous> (C:\Users\Dell G3\AppData\Roaming\npm\node_modules\firebase-tools\lib\auth.js:371:13)
    at Object.onceWrapper (node:events:627:28)
    at Server.emit (node:events:513:28)
    at Server.emit (node:domain:489:12)
    at emitListeningNT (node:net:1774:10)
    at process.processTicksAndRejections (node:internal/process/task_queues:81:21)
